<?xml version="1.0" encoding="UTF-8"?>
<!-- Generated by org.testng.reporters.JUnitReportReporter -->
<testsuite skipped="1" hostname="Zias-MacBook-Pro.local" name="com.hubspot.tests.HomePageTest" tests="2" failures="0" timestamp="14 Mar 2020 00:28:03 GMT" time="13.056" errors="0">
  <testcase name="verifyHomePageTitle" time="13.056" classname="com.hubspot.tests.HomePageTest"/>
  <testcase name="verifyAccounName" classname="com.hubspot.tests.HomePageTest">
    <skipped/>
  </testcase> <!-- verifyAccounName -->
</testsuite> <!-- com.hubspot.tests.HomePageTest -->
