<?xml version="1.0" encoding="UTF-8"?>
<!-- Generated by org.testng.reporters.JUnitReportReporter -->
<testsuite skipped="0" hostname="Zias-MacBook-Pro.local" name="com.hubspot.tests.ContactsPageTest" tests="1" failures="0" timestamp="14 Mar 2020 00:28:03 GMT" time="11.394" errors="0">
  <testcase name="verifyContactsPage" time="11.394" classname="com.hubspot.tests.ContactsPageTest"/>
</testsuite> <!-- com.hubspot.tests.ContactsPageTest -->
