<?xml version="1.0" encoding="UTF-8"?>
<!-- Generated by org.testng.reporters.JUnitReportReporter -->
<testsuite skipped="0" hostname="Zias-MacBook-Pro.local" name="com.hubspot.tests.LoginPageTest" tests="1" failures="0" timestamp="14 Mar 2020 00:28:03 GMT" time="7.729" errors="0">
  <testcase name="getTitle" time="7.729" classname="com.hubspot.tests.LoginPageTest"/>
</testsuite> <!-- com.hubspot.tests.LoginPageTest -->
